Build started 28/04/2015 19:01:35.
     1>Project "C:\ResearchDocuments\VCProj\sampleOpenCVToMatlabDebug\sampleOpenCVToMatlabDebug\sampleOpenCVToMatlabDebug.vcxproj" on node 2 (build target(s)).
     1>InitializeBuildStatus:
         Touching "x64\Debug\sampleOpenCVToMatlabDebug.unsuccessfulbuild".
       ClCompile:
         C:\Program Files (x86)\Microsoft Visual Studio 10.0\VC\bin\x86_amd64\CL.exe /c /I./include /I"C:\Program Files\MATLAB\R2014b\extern\include" /Zi /nologo /W3 /WX- /Od /D WIN32 /D _DEBUG /D _CONSOLE /D _UNICODE /D UNICODE /Gm /EHsc /RTC1 /MDd /GS /fp:precise /Zc:wchar_t /Zc:forScope /Fo"x64\Debug\\" /Fd"x64\Debug\vc100.pdb" /Gd /TP /errorReport:prompt OpenCVToMatlabWrapper.cpp
         OpenCVToMatlabWrapper.cpp
     1>c:\researchdocuments\vcproj\sampleopencvtomatlabdebug\sampleopencvtomatlabdebug\opencv_matlab.hpp(233): warning C4244: '=' : conversion from 'double' to 'float', possible loss of data
     1>OpenCVToMatlabWrapper.cpp(31): warning C4996: 'sprintf': This function or variable may be unsafe. Consider using sprintf_s instead. To disable deprecation, use _CRT_SECURE_NO_WARNINGS. See online help for details.
                 C:\Program Files (x86)\Microsoft Visual Studio 10.0\VC\include\stdio.h(371) : see declaration of 'sprintf'
       ManifestResourceCompile:
         All outputs are up-to-date.
       Link:
         C:\Program Files (x86)\Microsoft Visual Studio 10.0\VC\bin\x86_amd64\link.exe /ERRORREPORT:PROMPT /OUT:"C:\ResearchDocuments\VCProj\sampleOpenCVToMatlabDebug\x64\Debug\sampleOpenCVToMatlabDebug.exe" /INCREMENTAL /NOLOGO /LIBPATH:./lib /LIBPATH:"C:\Program Files\MATLAB\R2014b\extern\lib\win64\microsoft" opencv_core2411d.lib opencv_imgproc2411d.lib opencv_highgui2411d.lib kernel32.lib user32.lib gdi32.lib winspool.lib comdlg32.lib advapi32.lib shell32.lib ole32.lib oleaut32.lib uuid.lib odbc32.lib odbccp32.lib libeng.lib libmx.lib /MANIFEST /ManifestFile:"x64\Debug\sampleOpenCVToMatlabDebug.exe.intermediate.manifest" /MANIFESTUAC:"level='asInvoker' uiAccess='false'" /DEBUG /PDB:"C:\ResearchDocuments\VCProj\sampleOpenCVToMatlabDebug\x64\Debug\sampleOpenCVToMatlabDebug.pdb" /SUBSYSTEM:CONSOLE /TLBID:1 /DYNAMICBASE /NXCOMPAT /IMPLIB:"C:\ResearchDocuments\VCProj\sampleOpenCVToMatlabDebug\x64\Debug\sampleOpenCVToMatlabDebug.lib" /MACHINE:X64 x64\Debug\sampleOpenCVToMatlabDebug.exe.embed.manifest.res
         x64\Debug\main.obj
         x64\Debug\OpenCVToMatlabWrapper.obj
         sampleOpenCVToMatlabDebug.vcxproj -> C:\ResearchDocuments\VCProj\sampleOpenCVToMatlabDebug\x64\Debug\sampleOpenCVToMatlabDebug.exe
       Manifest:
         C:\Program Files (x86)\Microsoft SDKs\Windows\v7.0A\bin\mt.exe /nologo /verbose /out:"x64\Debug\sampleOpenCVToMatlabDebug.exe.embed.manifest" /manifest x64\Debug\sampleOpenCVToMatlabDebug.exe.intermediate.manifest
         All outputs are up-to-date.
       LinkEmbedManifest:
         All outputs are up-to-date.
         sampleOpenCVToMatlabDebug.vcxproj -> C:\ResearchDocuments\VCProj\sampleOpenCVToMatlabDebug\x64\Debug\sampleOpenCVToMatlabDebug.exe
       FinalizeBuildStatus:
         Deleting file "x64\Debug\sampleOpenCVToMatlabDebug.unsuccessfulbuild".
         Touching "x64\Debug\sampleOpenCVToMatlabDebug.lastbuildstate".
     1>Done Building Project "C:\ResearchDocuments\VCProj\sampleOpenCVToMatlabDebug\sampleOpenCVToMatlabDebug\sampleOpenCVToMatlabDebug.vcxproj" (build target(s)).

Build succeeded.

Time Elapsed 00:00:01.97
